Collecting pip
  Using cached https://files.pythonhosted.org/packages/cd/82/04e9aaf603fdbaecb4323b9e723f13c92c245f6ab2902195c53987848c78/pip-21.1.2-py3-none-any.whl
Installing collected packages: pip
  Found existing installation: pip 19.2.3
    Uninstalling pip-19.2.3:
      Successfully uninstalled pip-19.2.3
Successfully installed pip-21.1.2
Collecting asgiref==3.3.4
  Using cached asgiref-3.3.4-py3-none-any.whl (22 kB)
Collecting beautifulsoup4==4.9.3
  Using cached beautifulsoup4-4.9.3-py3-none-any.whl (115 kB)
Collecting bs4==0.0.1
  Using cached bs4-0.0.1.tar.gz (1.1 kB)
Collecting Django==3.2.3
  Using cached Django-3.2.3-py3-none-any.whl (7.9 MB)
Collecting install==1.3.4
  Using cached install-1.3.4-py3-none-any.whl (3.1 kB)
Collecting path==15.1.2
  Using cached path-15.1.2-py3-none-any.whl (21 kB)
Collecting psycopg2-binary==2.8.6
  Using cached psycopg2_binary-2.8.6-cp38-cp38-macosx_10_9_x86_64.macosx_10_9_intel.macosx_10_10_intel.macosx_10_10_x86_64.whl (1.5 MB)
Collecting pytz==2021.1
  Using cached pytz-2021.1-py2.py3-none-any.whl (510 kB)
Collecting soupsieve==2.2.1
  Using cached soupsieve-2.2.1-py3-none-any.whl (33 kB)
Collecting sqlparse==0.4.1
  Using cached sqlparse-0.4.1-py3-none-any.whl (42 kB)
Using legacy 'setup.py install' for bs4, since package 'wheel' is not installed.
Installing collected packages: soupsieve, sqlparse, pytz, beautifulsoup4, asgiref, psycopg2-binary, path, install, Django, bs4
    Running setup.py install for bs4: started
    Running setup.py install for bs4: finished with status 'done'
Successfully installed Django-3.2.3 asgiref-3.3.4 beautifulsoup4-4.9.3 bs4-0.0.1 install-1.3.4 path-15.1.2 psycopg2-binary-2.8.6 pytz-2021.1 soupsieve-2.2.1 sqlparse-0.4.1
